<?xml version="1.0" encoding="UTF-8"?>
<testng-results ignored="0" total="3" passed="3" failed="0" skipped="0">
  <reporter-output>
  </reporter-output>
  <suite started-at="2022-04-15T08:08:42 IST" name="Default suite" finished-at="2022-04-15T08:08:42 IST" duration-ms="33">
    <groups>
    </groups>
    <test started-at="2022-04-15T08:08:42 IST" name="Default test" finished-at="2022-04-15T08:08:42 IST" duration-ms="33">
      <class name="uip.TestNG2">
        <test-method signature="test1()[pri:0, instance:uip.TestNG2@a530d0a]" started-at="2022-04-15T08:08:42 IST" name="test1" finished-at="2022-04-15T08:08:42 IST" duration-ms="5" status="PASS">
          <reporter-output>
          </reporter-output>
        </test-method> <!-- test1 -->
        <test-method signature="test3()[pri:0, instance:uip.TestNG2@a530d0a]" started-at="2022-04-15T08:08:42 IST" name="test3" finished-at="2022-04-15T08:08:42 IST" duration-ms="1" status="PASS">
          <reporter-output>
          </reporter-output>
        </test-method> <!-- test3 -->
        <test-method signature="test2()[pri:1, instance:uip.TestNG2@a530d0a]" started-at="2022-04-15T08:08:42 IST" name="test2" finished-at="2022-04-15T08:08:42 IST" duration-ms="0" status="PASS">
          <reporter-output>
          </reporter-output>
        </test-method> <!-- test2 -->
      </class> <!-- uip.TestNG2 -->
    </test> <!-- Default test -->
  </suite> <!-- Default suite -->
</testng-results>
